<?xml version="1.0" encoding="UTF-8"?>
<!-- Generated by org.testng.reporters.JUnitXMLReporter -->
<testsuite ignored="0" hostname="PC-75" failures="1" tests="2" name="Test" time="58.206" errors="0" timestamp="2023-10-14T18:58:36 IST">
  <testcase classname="KycPageTC.KYCPage" name="KYCFormFill" time="51.68"/>
  <testcase classname="KycPageTC.KYCPage" name="test2" time="0.016">
    <failure type="java.lang.AssertionError" message="The following asserts failed:
	a and b not equal expected [21] but found [20]">
      <![CDATA[java.lang.AssertionError: The following asserts failed:
a and b not equal expected [21] but found [20]
at KycPageTC.KYCPage.test2(KYCPage.java:484)
at java.base/java.util.ArrayList.forEach(ArrayList.java:1511)
... Removed 33 stack frames]]>
    </failure>
  </testcase> <!-- test2 -->
</testsuite> <!-- Test -->
