<?xml version="1.0" encoding="UTF-8"?>
<testng-results ignored="0" total="6" passed="5" failed="1" skipped="0">
  <reporter-output>
  </reporter-output>
  <suite started-at="2023-10-25T14:05:24 IST" name="Default suite" finished-at="2023-10-25T14:06:24 IST" duration-ms="59327">
    <groups>
    </groups>
    <test started-at="2023-10-25T14:05:24 IST" name="Default test" finished-at="2023-10-25T14:06:24 IST" duration-ms="59327">
      <class name="KycPageTC.KYCPageCompanyStructure">
        <test-method is-config="true" signature="openBrowser()[pri:0, instance:KycPageTC.KYCPageCompanyStructure@242b836]" started-at="2023-10-25T14:05:25 IST" name="openBrowser" finished-at="2023-10-25T14:05:28 IST" duration-ms="2940" status="PASS">
          <reporter-output>
          </reporter-output>
        </test-method> <!-- openBrowser -->
        <test-method signature="KYCFormFill(java.lang.String,java.lang.String,java.lang.String,java.lang.String,java.lang.String,java.lang.String,java.lang.String,java.lang.String,java.lang.String,java.lang.String,java.lang.String,java.lang.String,java.lang.String,java.lang.String,java.lang.String)[pri:0, instance:KycPageTC.KYCPageCompanyStructure@242b836]" started-at="2023-10-25T14:05:28 IST" name="KYCFormFill" data-provider="dataContainerKYCCompanyStructure" finished-at="2023-10-25T14:05:36 IST" duration-ms="7433" status="PASS">
          <params>
            <param index="0">
              <value>
                <![CDATA[PositiveMin]]>
              </value>
            </param>
            <param index="1">
              <value>
                <![CDATA[Others]]>
              </value>
            </param>
            <param index="2">
              <value>
                <![CDATA[PFive]]>
              </value>
            </param>
            <param index="3">
              <value>
                <![CDATA[Others]]>
              </value>
            </param>
            <param index="4">
              <value>
                <![CDATA[PFive]]>
              </value>
            </param>
            <param index="5">
              <value>
                <![CDATA[India]]>
              </value>
            </param>
            <param index="6">
              <value>
                <![CDATA[20]]>
              </value>
            </param>
            <param index="7">
              <value>
                <![CDATA[06]]>
              </value>
            </param>
            <param index="8">
              <value>
                <![CDATA[2021]]>
              </value>
            </param>
            <param index="9">
              <value>
                <![CDATA[REG123 455]]>
              </value>
            </param>
            <param index="10">
              <value>
                <![CDATA[XYS 456]]>
              </value>
            </param>
            <param index="11">
              <value>
                <![CDATA[20]]>
              </value>
            </param>
            <param index="12">
              <value>
                <![CDATA[06]]>
              </value>
            </param>
            <param index="13">
              <value>
                <![CDATA[2025]]>
              </value>
            </param>
            <param index="14">
              <value>
                <![CDATA[ADF 456]]>
              </value>
            </param>
          </params>
          <reporter-output>
          </reporter-output>
        </test-method> <!-- KYCFormFill -->
        <test-method is-config="true" signature="CaptureFailedTCSS(org.testng.ITestResult)[pri:0, instance:KycPageTC.KYCPageCompanyStructure@242b836]" started-at="2023-10-25T14:05:36 IST" name="CaptureFailedTCSS" finished-at="2023-10-25T14:05:36 IST" duration-ms="0" status="PASS">
          <params>
            <param index="0">
              <value>
                <![CDATA[[TestResult name=KYCFormFill status=SUCCESS method=KYCPageCompanyStructure.KYCFormFill(java.lang.String,java.lang.String,java.lang.String,java.lang.String,java.lang.String,java.lang.String,java.lang.String,java.lang.String,java.lang.String,java.lang.String,java.lang.String,java.lang.String,java.lang.String,java.lang.String,java.lang.String)[pri:0, instance:KycPageTC.KYCPageCompanyStructure@242b836] output={null}]]]>
              </value>
            </param>
          </params>
          <reporter-output>
          </reporter-output>
        </test-method> <!-- CaptureFailedTCSS -->
        <test-method is-config="true" signature="openBrowser()[pri:0, instance:KycPageTC.KYCPageCompanyStructure@242b836]" started-at="2023-10-25T14:05:36 IST" name="openBrowser" finished-at="2023-10-25T14:05:38 IST" duration-ms="1995" status="PASS">
          <reporter-output>
          </reporter-output>
        </test-method> <!-- openBrowser -->
        <test-method signature="KYCFormFill(java.lang.String,java.lang.String,java.lang.String,java.lang.String,java.lang.String,java.lang.String,java.lang.String,java.lang.String,java.lang.String,java.lang.String,java.lang.String,java.lang.String,java.lang.String,java.lang.String,java.lang.String)[pri:0, instance:KycPageTC.KYCPageCompanyStructure@242b836]" started-at="2023-10-25T14:05:38 IST" name="KYCFormFill" data-provider="dataContainerKYCCompanyStructure" finished-at="2023-10-25T14:05:46 IST" duration-ms="8006" status="PASS">
          <params>
            <param index="0">
              <value>
                <![CDATA[PositiveMax]]>
              </value>
            </param>
            <param index="1">
              <value>
                <![CDATA[Others]]>
              </value>
            </param>
            <param index="2">
              <value>
                <![CDATA[PThirtyabcde FGHIJKLMNOPThirty]]>
              </value>
            </param>
            <param index="3">
              <value>
                <![CDATA[Others]]>
              </value>
            </param>
            <param index="4">
              <value>
                <![CDATA[PThirtyabcde FGHIJKLMNOPThirty]]>
              </value>
            </param>
            <param index="5">
              <value>
                <![CDATA[United States of America]]>
              </value>
            </param>
            <param index="6">
              <value>
                <![CDATA[20]]>
              </value>
            </param>
            <param index="7">
              <value>
                <![CDATA[07]]>
              </value>
            </param>
            <param index="8">
              <value>
                <![CDATA[2022]]>
              </value>
            </param>
            <param index="9">
              <value>
                <![CDATA[REG123 456]]>
              </value>
            </param>
            <param index="10">
              <value>
                <![CDATA[XYS 457]]>
              </value>
            </param>
            <param index="11">
              <value>
                <![CDATA[20]]>
              </value>
            </param>
            <param index="12">
              <value>
                <![CDATA[07]]>
              </value>
            </param>
            <param index="13">
              <value>
                <![CDATA[2026]]>
              </value>
            </param>
            <param index="14">
              <value>
                <![CDATA[ADF 457]]>
              </value>
            </param>
          </params>
          <reporter-output>
          </reporter-output>
        </test-method> <!-- KYCFormFill -->
        <test-method is-config="true" signature="CaptureFailedTCSS(org.testng.ITestResult)[pri:0, instance:KycPageTC.KYCPageCompanyStructure@242b836]" started-at="2023-10-25T14:05:46 IST" name="CaptureFailedTCSS" finished-at="2023-10-25T14:05:46 IST" duration-ms="0" status="PASS">
          <params>
            <param index="0">
              <value>
                <![CDATA[[TestResult name=KYCFormFill status=SUCCESS method=KYCPageCompanyStructure.KYCFormFill(java.lang.String,java.lang.String,java.lang.String,java.lang.String,java.lang.String,java.lang.String,java.lang.String,java.lang.String,java.lang.String,java.lang.String,java.lang.String,java.lang.String,java.lang.String,java.lang.String,java.lang.String)[pri:0, instance:KycPageTC.KYCPageCompanyStructure@242b836] output={null}]]]>
              </value>
            </param>
          </params>
          <reporter-output>
          </reporter-output>
        </test-method> <!-- CaptureFailedTCSS -->
        <test-method is-config="true" signature="openBrowser()[pri:0, instance:KycPageTC.KYCPageCompanyStructure@242b836]" started-at="2023-10-25T14:05:46 IST" name="openBrowser" finished-at="2023-10-25T14:05:48 IST" duration-ms="2194" status="PASS">
          <reporter-output>
          </reporter-output>
        </test-method> <!-- openBrowser -->
        <test-method signature="KYCFormFill(java.lang.String,java.lang.String,java.lang.String,java.lang.String,java.lang.String,java.lang.String,java.lang.String,java.lang.String,java.lang.String,java.lang.String,java.lang.String,java.lang.String,java.lang.String,java.lang.String,java.lang.String)[pri:0, instance:KycPageTC.KYCPageCompanyStructure@242b836]" started-at="2023-10-25T14:05:48 IST" name="KYCFormFill" data-provider="dataContainerKYCCompanyStructure" finished-at="2023-10-25T14:05:55 IST" duration-ms="7167" status="PASS">
          <params>
            <param index="0">
              <value>
                <![CDATA[PositiveDataType]]>
              </value>
            </param>
            <param index="1">
              <value>
                <![CDATA[Others]]>
              </value>
            </param>
            <param index="2">
              <value>
                <![CDATA[PFive Thirty]]>
              </value>
            </param>
            <param index="3">
              <value>
                <![CDATA[Others]]>
              </value>
            </param>
            <param index="4">
              <value>
                <![CDATA[PFive Thirty]]>
              </value>
            </param>
            <param index="5">
              <value>
                <![CDATA[Albania]]>
              </value>
            </param>
            <param index="6">
              <value>
                <![CDATA[20]]>
              </value>
            </param>
            <param index="7">
              <value>
                <![CDATA[08]]>
              </value>
            </param>
            <param index="8">
              <value>
                <![CDATA[2023]]>
              </value>
            </param>
            <param index="9">
              <value>
                <![CDATA[REG123 457]]>
              </value>
            </param>
            <param index="10">
              <value>
                <![CDATA[XYS 458]]>
              </value>
            </param>
            <param index="11">
              <value>
                <![CDATA[20]]>
              </value>
            </param>
            <param index="12">
              <value>
                <![CDATA[08]]>
              </value>
            </param>
            <param index="13">
              <value>
                <![CDATA[2027]]>
              </value>
            </param>
            <param index="14">
              <value>
                <![CDATA[ADF 458]]>
              </value>
            </param>
          </params>
          <reporter-output>
          </reporter-output>
        </test-method> <!-- KYCFormFill -->
        <test-method is-config="true" signature="openBrowser()[pri:0, instance:KycPageTC.KYCPageCompanyStructure@242b836]" started-at="2023-10-25T14:05:55 IST" name="openBrowser" finished-at="2023-10-25T14:05:57 IST" duration-ms="2320" status="PASS">
          <reporter-output>
          </reporter-output>
        </test-method> <!-- openBrowser -->
        <test-method is-config="true" signature="CaptureFailedTCSS(org.testng.ITestResult)[pri:0, instance:KycPageTC.KYCPageCompanyStructure@242b836]" started-at="2023-10-25T14:05:55 IST" name="CaptureFailedTCSS" finished-at="2023-10-25T14:05:55 IST" duration-ms="0" status="PASS">
          <params>
            <param index="0">
              <value>
                <![CDATA[[TestResult name=KYCFormFill status=SUCCESS method=KYCPageCompanyStructure.KYCFormFill(java.lang.String,java.lang.String,java.lang.String,java.lang.String,java.lang.String,java.lang.String,java.lang.String,java.lang.String,java.lang.String,java.lang.String,java.lang.String,java.lang.String,java.lang.String,java.lang.String,java.lang.String)[pri:0, instance:KycPageTC.KYCPageCompanyStructure@242b836] output={null}]]]>
              </value>
            </param>
          </params>
          <reporter-output>
          </reporter-output>
        </test-method> <!-- CaptureFailedTCSS -->
        <test-method signature="KYCFormFill(java.lang.String,java.lang.String,java.lang.String,java.lang.String,java.lang.String,java.lang.String,java.lang.String,java.lang.String,java.lang.String,java.lang.String,java.lang.String,java.lang.String,java.lang.String,java.lang.String,java.lang.String)[pri:0, instance:KycPageTC.KYCPageCompanyStructure@242b836]" started-at="2023-10-25T14:05:57 IST" name="KYCFormFill" data-provider="dataContainerKYCCompanyStructure" finished-at="2023-10-25T14:06:05 IST" duration-ms="7162" status="PASS">
          <params>
            <param index="0">
              <value>
                <![CDATA[Negative DataType]]>
              </value>
            </param>
            <param index="1">
              <value>
                <![CDATA[Others]]>
              </value>
            </param>
            <param index="2">
              <value>
                <![CDATA[N5_30@]]>
              </value>
            </param>
            <param index="3">
              <value>
                <![CDATA[Others]]>
              </value>
            </param>
            <param index="4">
              <value>
                <![CDATA[N5_30@]]>
              </value>
            </param>
            <param index="5">
              <value>
                <![CDATA[Angola]]>
              </value>
            </param>
            <param index="6">
              <value>
                <![CDATA[20]]>
              </value>
            </param>
            <param index="7">
              <value>
                <![CDATA[09]]>
              </value>
            </param>
            <param index="8">
              <value>
                <![CDATA[2024]]>
              </value>
            </param>
            <param index="9">
              <value>
                <![CDATA[REG123 458]]>
              </value>
            </param>
            <param index="10">
              <value>
                <![CDATA[XYS 459]]>
              </value>
            </param>
            <param index="11">
              <value>
                <![CDATA[20]]>
              </value>
            </param>
            <param index="12">
              <value>
                <![CDATA[09]]>
              </value>
            </param>
            <param index="13">
              <value>
                <![CDATA[2028]]>
              </value>
            </param>
            <param index="14">
              <value>
                <![CDATA[ADF 459]]>
              </value>
            </param>
          </params>
          <reporter-output>
          </reporter-output>
        </test-method> <!-- KYCFormFill -->
        <test-method is-config="true" signature="openBrowser()[pri:0, instance:KycPageTC.KYCPageCompanyStructure@242b836]" started-at="2023-10-25T14:06:05 IST" name="openBrowser" finished-at="2023-10-25T14:06:07 IST" duration-ms="2235" status="PASS">
          <reporter-output>
          </reporter-output>
        </test-method> <!-- openBrowser -->
        <test-method is-config="true" signature="CaptureFailedTCSS(org.testng.ITestResult)[pri:0, instance:KycPageTC.KYCPageCompanyStructure@242b836]" started-at="2023-10-25T14:06:05 IST" name="CaptureFailedTCSS" finished-at="2023-10-25T14:06:05 IST" duration-ms="0" status="PASS">
          <params>
            <param index="0">
              <value>
                <![CDATA[[TestResult name=KYCFormFill status=SUCCESS method=KYCPageCompanyStructure.KYCFormFill(java.lang.String,java.lang.String,java.lang.String,java.lang.String,java.lang.String,java.lang.String,java.lang.String,java.lang.String,java.lang.String,java.lang.String,java.lang.String,java.lang.String,java.lang.String,java.lang.String,java.lang.String)[pri:0, instance:KycPageTC.KYCPageCompanyStructure@242b836] output={null}]]]>
              </value>
            </param>
          </params>
          <reporter-output>
          </reporter-output>
        </test-method> <!-- CaptureFailedTCSS -->
        <test-method signature="KYCFormFill(java.lang.String,java.lang.String,java.lang.String,java.lang.String,java.lang.String,java.lang.String,java.lang.String,java.lang.String,java.lang.String,java.lang.String,java.lang.String,java.lang.String,java.lang.String,java.lang.String,java.lang.String)[pri:0, instance:KycPageTC.KYCPageCompanyStructure@242b836]" started-at="2023-10-25T14:06:07 IST" name="KYCFormFill" data-provider="dataContainerKYCCompanyStructure" finished-at="2023-10-25T14:06:14 IST" duration-ms="7114" status="PASS">
          <params>
            <param index="0">
              <value>
                <![CDATA[NegativeMin]]>
              </value>
            </param>
            <param index="1">
              <value>
                <![CDATA[Others]]>
              </value>
            </param>
            <param index="2">
              <value>
                <![CDATA[Nfor]]>
              </value>
            </param>
            <param index="3">
              <value>
                <![CDATA[Others]]>
              </value>
            </param>
            <param index="4">
              <value>
                <![CDATA[Nfor]]>
              </value>
            </param>
            <param index="5">
              <value>
                <![CDATA[United Arab Emirates]]>
              </value>
            </param>
            <param index="6">
              <value>
                <![CDATA[20]]>
              </value>
            </param>
            <param index="7">
              <value>
                <![CDATA[10]]>
              </value>
            </param>
            <param index="8">
              <value>
                <![CDATA[2025]]>
              </value>
            </param>
            <param index="9">
              <value>
                <![CDATA[REG123 459]]>
              </value>
            </param>
            <param index="10">
              <value>
                <![CDATA[XYS 460]]>
              </value>
            </param>
            <param index="11">
              <value>
                <![CDATA[20]]>
              </value>
            </param>
            <param index="12">
              <value>
                <![CDATA[10]]>
              </value>
            </param>
            <param index="13">
              <value>
                <![CDATA[2029]]>
              </value>
            </param>
            <param index="14">
              <value>
                <![CDATA[ADF 460]]>
              </value>
            </param>
          </params>
          <reporter-output>
          </reporter-output>
        </test-method> <!-- KYCFormFill -->
        <test-method is-config="true" signature="CaptureFailedTCSS(org.testng.ITestResult)[pri:0, instance:KycPageTC.KYCPageCompanyStructure@242b836]" started-at="2023-10-25T14:06:14 IST" name="CaptureFailedTCSS" finished-at="2023-10-25T14:06:14 IST" duration-ms="2" status="PASS">
          <params>
            <param index="0">
              <value>
                <![CDATA[[TestResult name=KYCFormFill status=SUCCESS method=KYCPageCompanyStructure.KYCFormFill(java.lang.String,java.lang.String,java.lang.String,java.lang.String,java.lang.String,java.lang.String,java.lang.String,java.lang.String,java.lang.String,java.lang.String,java.lang.String,java.lang.String,java.lang.String,java.lang.String,java.lang.String)[pri:0, instance:KycPageTC.KYCPageCompanyStructure@242b836] output={null}]]]>
              </value>
            </param>
          </params>
          <reporter-output>
          </reporter-output>
        </test-method> <!-- CaptureFailedTCSS -->
        <test-method is-config="true" signature="openBrowser()[pri:0, instance:KycPageTC.KYCPageCompanyStructure@242b836]" started-at="2023-10-25T14:06:14 IST" name="openBrowser" finished-at="2023-10-25T14:06:16 IST" duration-ms="2372" status="PASS">
          <reporter-output>
          </reporter-output>
        </test-method> <!-- openBrowser -->
        <test-method signature="KYCFormFill(java.lang.String,java.lang.String,java.lang.String,java.lang.String,java.lang.String,java.lang.String,java.lang.String,java.lang.String,java.lang.String,java.lang.String,java.lang.String,java.lang.String,java.lang.String,java.lang.String,java.lang.String)[pri:0, instance:KycPageTC.KYCPageCompanyStructure@242b836]" started-at="2023-10-25T14:06:16 IST" name="KYCFormFill" data-provider="dataContainerKYCCompanyStructure" finished-at="2023-10-25T14:06:24 IST" duration-ms="7227" status="FAIL">
          <params>
            <param index="0">
              <value>
                <![CDATA[NegativeMax]]>
              </value>
            </param>
            <param index="1">
              <value>
                <![CDATA[Others]]>
              </value>
            </param>
            <param index="2">
              <value>
                <![CDATA[NThirtyabcdef FGHIJKLMNOPThirty]]>
              </value>
            </param>
            <param index="3">
              <value>
                <![CDATA[Others]]>
              </value>
            </param>
            <param index="4">
              <value>
                <![CDATA[NThirtyabcdef FGHIJKLMNOPThirty]]>
              </value>
            </param>
            <param index="5">
              <value>
                <![CDATA[United Kingdom]]>
              </value>
            </param>
            <param index="6">
              <value>
                <![CDATA[20]]>
              </value>
            </param>
            <param index="7">
              <value>
                <![CDATA[11]]>
              </value>
            </param>
            <param index="8">
              <value>
                <![CDATA[2026]]>
              </value>
            </param>
            <param index="9">
              <value>
                <![CDATA[REG123 460]]>
              </value>
            </param>
            <param index="10">
              <value>
                <![CDATA[XYS 461]]>
              </value>
            </param>
            <param index="11">
              <value>
                <![CDATA[20]]>
              </value>
            </param>
            <param index="12">
              <value>
                <![CDATA[11]]>
              </value>
            </param>
            <param index="13">
              <value>
                <![CDATA[2030]]>
              </value>
            </param>
            <param index="14">
              <value>
                <![CDATA[ADF 461]]>
              </value>
            </param>
          </params>
          <exception class="org.openqa.selenium.NoSuchWindowException">
            <message>
              <![CDATA[no such window: target window already closed
from unknown error: web view not found
  (Session info: chrome=118.0.5993.89)
Build info: version: '4.14.1', revision: '03f8ede370'
System info: os.name: 'Windows 11', os.arch: 'amd64', os.version: '10.0', java.version: '17.0.6'
Driver info: org.openqa.selenium.chrome.ChromeDriver
Command: [6093d6eda3df9f1c2e078b2191924504, findElement {using=xpath, value=//input[@name='VAT']}]
Capabilities {acceptInsecureCerts: false, browserName: chrome, browserVersion: 118.0.5993.89, chrome: {chromedriverVersion: 118.0.5993.70 (e52f33f30b91..., userDataDir: C:\Users\PC\AppData\Local\T...}, fedcm:accounts: true, goog:chromeOptions: {debuggerAddress: localhost:51159}, networkConnectionEnabled: false, pageLoadStrategy: normal, platformName: windows, proxy: Proxy(), se:cdp: ws://localhost:51159/devtoo..., se:cdpVersion: 118.0.5993.89, setWindowRect: true, strictFileInteractability: false, timeouts: {implicit: 0, pageLoad: 300000, script: 30000}, unhandledPromptBehavior: dismiss and notify, webauthn:extension:credBlob: true, webauthn:extension:largeBlob: true, webauthn:extension:minPinLength: true, webauthn:extension:prf: true, webauthn:virtualAuthenticators: true}
Session ID: 6093d6eda3df9f1c2e078b2191924504]]>
            </message>
            <full-stacktrace>
              <![CDATA[org.openqa.selenium.NoSuchWindowException: no such window: target window already closed
from unknown error: web view not found
  (Session info: chrome=118.0.5993.89)
Build info: version: '4.14.1', revision: '03f8ede370'
System info: os.name: 'Windows 11', os.arch: 'amd64', os.version: '10.0', java.version: '17.0.6'
Driver info: org.openqa.selenium.chrome.ChromeDriver
Command: [6093d6eda3df9f1c2e078b2191924504, findElement {using=xpath, value=//input[@name='VAT']}]
Capabilities {acceptInsecureCerts: false, browserName: chrome, browserVersion: 118.0.5993.89, chrome: {chromedriverVersion: 118.0.5993.70 (e52f33f30b91..., userDataDir: C:\Users\PC\AppData\Local\T...}, fedcm:accounts: true, goog:chromeOptions: {debuggerAddress: localhost:51159}, networkConnectionEnabled: false, pageLoadStrategy: normal, platformName: windows, proxy: Proxy(), se:cdp: ws://localhost:51159/devtoo..., se:cdpVersion: 118.0.5993.89, setWindowRect: true, strictFileInteractability: false, timeouts: {implicit: 0, pageLoad: 300000, script: 30000}, unhandledPromptBehavior: dismiss and notify, webauthn:extension:credBlob: true, webauthn:extension:largeBlob: true, webauthn:extension:minPinLength: true, webauthn:extension:prf: true, webauthn:virtualAuthenticators: true}
Session ID: 6093d6eda3df9f1c2e078b2191924504
at java.base/jdk.internal.reflect.NativeConstructorAccessorImpl.newInstance0(Native Method)
at java.base/jdk.internal.reflect.NativeConstructorAccessorImpl.newInstance(NativeConstructorAccessorImpl.java:77)
at java.base/jdk.internal.reflect.DelegatingConstructorAccessorImpl.newInstance(DelegatingConstructorAccessorImpl.java:45)
at java.base/java.lang.reflect.Constructor.newInstanceWithCaller(Constructor.java:499)
at java.base/java.lang.reflect.Constructor.newInstance(Constructor.java:480)
at org.openqa.selenium.remote.codec.w3c.W3CHttpResponseCodec.createException(W3CHttpResponseCodec.java:200)
at org.openqa.selenium.remote.codec.w3c.W3CHttpResponseCodec.decode(W3CHttpResponseCodec.java:133)
at org.openqa.selenium.remote.codec.w3c.W3CHttpResponseCodec.decode(W3CHttpResponseCodec.java:52)
at org.openqa.selenium.remote.HttpCommandExecutor.execute(HttpCommandExecutor.java:191)
at org.openqa.selenium.remote.service.DriverCommandExecutor.invokeExecute(DriverCommandExecutor.java:200)
at org.openqa.selenium.remote.service.DriverCommandExecutor.execute(DriverCommandExecutor.java:175)
at org.openqa.selenium.remote.RemoteWebDriver.execute(RemoteWebDriver.java:602)
at org.openqa.selenium.remote.ElementLocation$ElementFinder$2.findElement(ElementLocation.java:165)
at org.openqa.selenium.remote.ElementLocation.findElement(ElementLocation.java:59)
at org.openqa.selenium.remote.RemoteWebDriver.findElement(RemoteWebDriver.java:359)
at org.openqa.selenium.remote.RemoteWebDriver.findElement(RemoteWebDriver.java:353)
at org.openqa.selenium.support.pagefactory.DefaultElementLocator.findElement(DefaultElementLocator.java:68)
at org.openqa.selenium.support.pagefactory.internal.LocatingElementHandler.invoke(LocatingElementHandler.java:38)
at jdk.proxy2/jdk.proxy2.$Proxy14.sendKeys(Unknown Source)
at KYCPage.AClKYCformPage.inpAClKYCformPageStVatNo(AClKYCformPage.java:498)
at KycPageTC.KYCPageCompanyStructure.KYCFormFill(KYCPageCompanyStructure.java:104)
at java.base/jdk.internal.reflect.NativeMethodAccessorImpl.invoke0(Native Method)
at java.base/jdk.internal.reflect.NativeMethodAccessorImpl.invoke(NativeMethodAccessorImpl.java:77)
at java.base/jdk.internal.reflect.DelegatingMethodAccessorImpl.invoke(DelegatingMethodAccessorImpl.java:43)
at java.base/java.lang.reflect.Method.invoke(Method.java:568)
at org.testng.internal.invokers.MethodInvocationHelper.invokeMethod(MethodInvocationHelper.java:139)
at org.testng.internal.invokers.TestInvoker.invokeMethod(TestInvoker.java:664)
at org.testng.internal.invokers.TestInvoker.invokeTestMethod(TestInvoker.java:227)
at org.testng.internal.invokers.MethodRunner.runInSequence(MethodRunner.java:50)
at org.testng.internal.invokers.TestInvoker$MethodInvocationAgent.invoke(TestInvoker.java:957)
at org.testng.internal.invokers.TestInvoker.invokeTestMethods(TestInvoker.java:200)
at org.testng.internal.invokers.TestMethodWorker.invokeTestMethods(TestMethodWorker.java:148)
at org.testng.internal.invokers.TestMethodWorker.run(TestMethodWorker.java:128)
at java.base/java.util.ArrayList.forEach(ArrayList.java:1511)
at org.testng.TestRunner.privateRun(TestRunner.java:848)
at org.testng.TestRunner.run(TestRunner.java:621)
at org.testng.SuiteRunner.runTest(SuiteRunner.java:443)
at org.testng.SuiteRunner.runSequentially(SuiteRunner.java:437)
at org.testng.SuiteRunner.privateRun(SuiteRunner.java:397)
at org.testng.SuiteRunner.run(SuiteRunner.java:336)
at org.testng.SuiteRunnerWorker.runSuite(SuiteRunnerWorker.java:52)
at org.testng.SuiteRunnerWorker.run(SuiteRunnerWorker.java:95)
at org.testng.TestNG.runSuitesSequentially(TestNG.java:1280)
at org.testng.TestNG.runSuitesLocally(TestNG.java:1200)
at org.testng.TestNG.runSuites(TestNG.java:1114)
at org.testng.TestNG.run(TestNG.java:1082)
at org.testng.remote.AbstractRemoteTestNG.run(AbstractRemoteTestNG.java:115)
at org.testng.remote.RemoteTestNG.initAndRun(RemoteTestNG.java:251)
at org.testng.remote.RemoteTestNG.main(RemoteTestNG.java:77)
]]>
            </full-stacktrace>
          </exception> <!-- org.openqa.selenium.NoSuchWindowException -->
          <reporter-output>
          </reporter-output>
        </test-method> <!-- KYCFormFill -->
        <test-method is-config="true" signature="logOut()[pri:0, instance:KycPageTC.KYCPageCompanyStructure@242b836]" started-at="2023-10-25T14:06:24 IST" name="logOut" finished-at="2023-10-25T14:06:24 IST" duration-ms="0" status="SKIP">
          <reporter-output>
          </reporter-output>
        </test-method> <!-- logOut -->
        <test-method is-config="true" signature="CaptureFailedTCSS(org.testng.ITestResult)[pri:0, instance:KycPageTC.KYCPageCompanyStructure@242b836]" started-at="2023-10-25T14:06:24 IST" name="CaptureFailedTCSS" finished-at="2023-10-25T14:06:24 IST" duration-ms="0" status="FAIL">
          <params>
            <param index="0">
              <value>
                <![CDATA[[TestResult name=KYCFormFill status=FAILURE method=KYCPageCompanyStructure.KYCFormFill(java.lang.String,java.lang.String,java.lang.String,java.lang.String,java.lang.String,java.lang.String,java.lang.String,java.lang.String,java.lang.String,java.lang.String,java.lang.String,java.lang.String,java.lang.String,java.lang.String,java.lang.String)[pri:0, instance:KycPageTC.KYCPageCompanyStructure@242b836] output={null}]]]>
              </value>
            </param>
          </params>
          <exception class="org.openqa.selenium.NoSuchWindowException">
            <message>
              <![CDATA[no such window: target window already closed
from unknown error: web view not found
  (Session info: chrome=118.0.5993.89)
Build info: version: '4.14.1', revision: '03f8ede370'
System info: os.name: 'Windows 11', os.arch: 'amd64', os.version: '10.0', java.version: '17.0.6'
Driver info: org.openqa.selenium.chrome.ChromeDriver
Command: [6093d6eda3df9f1c2e078b2191924504, screenshot {}]
Capabilities {acceptInsecureCerts: false, browserName: chrome, browserVersion: 118.0.5993.89, chrome: {chromedriverVersion: 118.0.5993.70 (e52f33f30b91..., userDataDir: C:\Users\PC\AppData\Local\T...}, fedcm:accounts: true, goog:chromeOptions: {debuggerAddress: localhost:51159}, networkConnectionEnabled: false, pageLoadStrategy: normal, platformName: windows, proxy: Proxy(), se:cdp: ws://localhost:51159/devtoo..., se:cdpVersion: 118.0.5993.89, setWindowRect: true, strictFileInteractability: false, timeouts: {implicit: 0, pageLoad: 300000, script: 30000}, unhandledPromptBehavior: dismiss and notify, webauthn:extension:credBlob: true, webauthn:extension:largeBlob: true, webauthn:extension:minPinLength: true, webauthn:extension:prf: true, webauthn:virtualAuthenticators: true}
Session ID: 6093d6eda3df9f1c2e078b2191924504]]>
            </message>
            <full-stacktrace>
              <![CDATA[org.openqa.selenium.NoSuchWindowException: no such window: target window already closed
from unknown error: web view not found
  (Session info: chrome=118.0.5993.89)
Build info: version: '4.14.1', revision: '03f8ede370'
System info: os.name: 'Windows 11', os.arch: 'amd64', os.version: '10.0', java.version: '17.0.6'
Driver info: org.openqa.selenium.chrome.ChromeDriver
Command: [6093d6eda3df9f1c2e078b2191924504, screenshot {}]
Capabilities {acceptInsecureCerts: false, browserName: chrome, browserVersion: 118.0.5993.89, chrome: {chromedriverVersion: 118.0.5993.70 (e52f33f30b91..., userDataDir: C:\Users\PC\AppData\Local\T...}, fedcm:accounts: true, goog:chromeOptions: {debuggerAddress: localhost:51159}, networkConnectionEnabled: false, pageLoadStrategy: normal, platformName: windows, proxy: Proxy(), se:cdp: ws://localhost:51159/devtoo..., se:cdpVersion: 118.0.5993.89, setWindowRect: true, strictFileInteractability: false, timeouts: {implicit: 0, pageLoad: 300000, script: 30000}, unhandledPromptBehavior: dismiss and notify, webauthn:extension:credBlob: true, webauthn:extension:largeBlob: true, webauthn:extension:minPinLength: true, webauthn:extension:prf: true, webauthn:virtualAuthenticators: true}
Session ID: 6093d6eda3df9f1c2e078b2191924504
at java.base/jdk.internal.reflect.NativeConstructorAccessorImpl.newInstance0(Native Method)
at java.base/jdk.internal.reflect.NativeConstructorAccessorImpl.newInstance(NativeConstructorAccessorImpl.java:77)
at java.base/jdk.internal.reflect.DelegatingConstructorAccessorImpl.newInstance(DelegatingConstructorAccessorImpl.java:45)
at java.base/java.lang.reflect.Constructor.newInstanceWithCaller(Constructor.java:499)
at java.base/java.lang.reflect.Constructor.newInstance(Constructor.java:480)
at org.openqa.selenium.remote.codec.w3c.W3CHttpResponseCodec.createException(W3CHttpResponseCodec.java:200)
at org.openqa.selenium.remote.codec.w3c.W3CHttpResponseCodec.decode(W3CHttpResponseCodec.java:133)
at org.openqa.selenium.remote.codec.w3c.W3CHttpResponseCodec.decode(W3CHttpResponseCodec.java:52)
at org.openqa.selenium.remote.HttpCommandExecutor.execute(HttpCommandExecutor.java:191)
at org.openqa.selenium.remote.service.DriverCommandExecutor.invokeExecute(DriverCommandExecutor.java:200)
at org.openqa.selenium.remote.service.DriverCommandExecutor.execute(DriverCommandExecutor.java:175)
at org.openqa.selenium.remote.RemoteWebDriver.execute(RemoteWebDriver.java:602)
at org.openqa.selenium.remote.RemoteWebDriver.execute(RemoteWebDriver.java:675)
at org.openqa.selenium.remote.RemoteWebDriver.execute(RemoteWebDriver.java:679)
at org.openqa.selenium.remote.RemoteWebDriver.getScreenshotAs(RemoteWebDriver.java:325)
at LibraryFiles.UtilityClass.captureSS(UtilityClass.java:39)
at KycPageTC.KYCPageCompanyStructure.CaptureFailedTCSS(KYCPageCompanyStructure.java:116)
at java.base/jdk.internal.reflect.NativeMethodAccessorImpl.invoke0(Native Method)
at java.base/jdk.internal.reflect.NativeMethodAccessorImpl.invoke(NativeMethodAccessorImpl.java:77)
at java.base/jdk.internal.reflect.DelegatingMethodAccessorImpl.invoke(DelegatingMethodAccessorImpl.java:43)
at java.base/java.lang.reflect.Method.invoke(Method.java:568)
at org.testng.internal.invokers.MethodInvocationHelper.invokeMethod(MethodInvocationHelper.java:139)
at org.testng.internal.invokers.MethodInvocationHelper.invokeMethodConsideringTimeout(MethodInvocationHelper.java:69)
at org.testng.internal.invokers.ConfigInvoker.invokeConfigurationMethod(ConfigInvoker.java:390)
at org.testng.internal.invokers.ConfigInvoker.invokeConfigurations(ConfigInvoker.java:325)
at org.testng.internal.invokers.TestInvoker.runConfigMethods(TestInvoker.java:810)
at org.testng.internal.invokers.TestInvoker.runAfterConfigurations(TestInvoker.java:779)
at org.testng.internal.invokers.TestInvoker.invokeMethod(TestInvoker.java:755)
at org.testng.internal.invokers.TestInvoker.invokeTestMethod(TestInvoker.java:227)
at org.testng.internal.invokers.MethodRunner.runInSequence(MethodRunner.java:50)
at org.testng.internal.invokers.TestInvoker$MethodInvocationAgent.invoke(TestInvoker.java:957)
at org.testng.internal.invokers.TestInvoker.invokeTestMethods(TestInvoker.java:200)
at org.testng.internal.invokers.TestMethodWorker.invokeTestMethods(TestMethodWorker.java:148)
at org.testng.internal.invokers.TestMethodWorker.run(TestMethodWorker.java:128)
at java.base/java.util.ArrayList.forEach(ArrayList.java:1511)
at org.testng.TestRunner.privateRun(TestRunner.java:848)
at org.testng.TestRunner.run(TestRunner.java:621)
at org.testng.SuiteRunner.runTest(SuiteRunner.java:443)
at org.testng.SuiteRunner.runSequentially(SuiteRunner.java:437)
at org.testng.SuiteRunner.privateRun(SuiteRunner.java:397)
at org.testng.SuiteRunner.run(SuiteRunner.java:336)
at org.testng.SuiteRunnerWorker.runSuite(SuiteRunnerWorker.java:52)
at org.testng.SuiteRunnerWorker.run(SuiteRunnerWorker.java:95)
at org.testng.TestNG.runSuitesSequentially(TestNG.java:1280)
at org.testng.TestNG.runSuitesLocally(TestNG.java:1200)
at org.testng.TestNG.runSuites(TestNG.java:1114)
at org.testng.TestNG.run(TestNG.java:1082)
at org.testng.remote.AbstractRemoteTestNG.run(AbstractRemoteTestNG.java:115)
at org.testng.remote.RemoteTestNG.initAndRun(RemoteTestNG.java:251)
at org.testng.remote.RemoteTestNG.main(RemoteTestNG.java:77)
]]>
            </full-stacktrace>
          </exception> <!-- org.openqa.selenium.NoSuchWindowException -->
          <reporter-output>
          </reporter-output>
        </test-method> <!-- CaptureFailedTCSS -->
      </class> <!-- KycPageTC.KYCPageCompanyStructure -->
    </test> <!-- Default test -->
  </suite> <!-- Default suite -->
</testng-results>
