<?xml version="1.0" encoding="UTF-8"?>
<!-- Generated by org.testng.reporters.JUnitReportReporter -->
<testsuite hostname="PC-75" failures="1" tests="1" name="KycPageTC.KYCPreviewPageTC" time="39.445" errors="0" timestamp="2023-10-18T14:44:13 IST" skipped="0">
  <testcase classname="KycPageTC.KYCPreviewPageTC" name="KYCFormFillForPreview" time="39.445">
    <failure message="The following asserts failed:
	Company phone not match expected [123456789] but found [972123456789],
	mang phone not match expected [8698706548] but found [50678945612],
	shrHldPrctg1 not match expected [51] but found [51%],
	shrHldPrctg2 not match expected [20] but found [20%],
	PCPhon not match expected [456789041] but found [243456789041],
	CFPhon not match expected [1234567842] but found [571234567842],
	cOpPhon not match expected [789561243] but found [968789561243],
	cAccName not match expected [Ms. J P Datta A&#039;CCD] but found [HashCurrent Avccount],
	cAccPhon not match expected [7894561244] but found [50678945612],
	trfPhon1 not match expected [789456444] but found [66789456444],
	trfPhon2 not match expected [789561555] but found [90789561555]" type="java.lang.AssertionError">
      <![CDATA[java.lang.AssertionError: The following asserts failed:
Company phone not match expected [123456789] but found [972123456789],
mang phone not match expected [8698706548] but found [50678945612],
shrHldPrctg1 not match expected [51] but found [51%],
shrHldPrctg2 not match expected [20] but found [20%],
PCPhon not match expected [456789041] but found [243456789041],
CFPhon not match expected [1234567842] but found [571234567842],
cOpPhon not match expected [789561243] but found [968789561243],
cAccName not match expected [Ms. J P Datta A'CCD] but found [HashCurrent Avccount],
cAccPhon not match expected [7894561244] but found [50678945612],
trfPhon1 not match expected [789456444] but found [66789456444],
trfPhon2 not match expected [789561555] but found [90789561555]
at org.testng.asserts.SoftAssert.assertAll(SoftAssert.java:46)
at org.testng.asserts.SoftAssert.assertAll(SoftAssert.java:30)
at KycPageTC.KYCPreviewPageTC.KYCFormFillForPreview(KYCPreviewPageTC.java:505)
at java.base/jdk.internal.reflect.NativeMethodAccessorImpl.invoke0(Native Method)
at java.base/jdk.internal.reflect.NativeMethodAccessorImpl.invoke(NativeMethodAccessorImpl.java:77)
at java.base/jdk.internal.reflect.DelegatingMethodAccessorImpl.invoke(DelegatingMethodAccessorImpl.java:43)
at java.base/java.lang.reflect.Method.invoke(Method.java:568)
at org.testng.internal.invokers.MethodInvocationHelper.invokeMethod(MethodInvocationHelper.java:139)
at org.testng.internal.invokers.TestInvoker.invokeMethod(TestInvoker.java:664)
at org.testng.internal.invokers.TestInvoker.invokeTestMethod(TestInvoker.java:227)
at org.testng.internal.invokers.TestMethodWithDataProviderMethodWorker.call(TestMethodWithDataProviderMethodWorker.java:80)
at org.testng.internal.invokers.TestMethodWithDataProviderMethodWorker.call(TestMethodWithDataProviderMethodWorker.java:17)
at java.base/java.util.concurrent.FutureTask.run(FutureTask.java:264)
at java.base/java.util.concurrent.Executors$RunnableAdapter.call(Executors.java:539)
at java.base/java.util.concurrent.FutureTask.run(FutureTask.java:264)
at java.base/java.util.concurrent.ThreadPoolExecutor.runWorker(ThreadPoolExecutor.java:1136)
at java.base/java.util.concurrent.ThreadPoolExecutor$Worker.run(ThreadPoolExecutor.java:635)
at java.base/java.lang.Thread.run(Thread.java:833)
]]>
    </failure>
  </testcase> <!-- KYCFormFillForPreview -->
</testsuite> <!-- KycPageTC.KYCPreviewPageTC -->
